[0.095s] Invoking command in '/home/nam017/ws_dist/build/ros2_get_obj_distance': CMAKE_PREFIX_PATH=${CMAKE_PREFIX_PATH}:/opt/ros/humble /usr/bin/cmake --build /home/nam017/ws_dist/build/ros2_get_obj_distance -- -j16 -l16
[0.221s] [35m[1mConsolidate compiler generated dependencies of target ros2_get_obj_distance[0m
[0.263s] [ 50%] [32mBuilding CXX object CMakeFiles/ros2_get_obj_distance.dir/src/ros2_get_obj_distance.cpp.o[0m
[3.046s] [100%] [32m[1mLinking CXX executable ros2_get_obj_distance[0m
[3.261s] /usr/bin/ld: CMakeFiles/ros2_get_obj_distance.dir/src/ros2_get_obj_distance.cpp.o: undefined reference to symbol '_ZN3fmt2v87vformatB5cxx11ENS0_17basic_string_viewIcEENS0_17basic_format_argsINS0_20basic_format_contextINS0_8appenderEcEEEE'
[3.262s] /usr/bin/ld: /lib/x86_64-linux-gnu/libfmt.so.8: error adding symbols: DSO missing from command line
[3.265s] collect2: error: ld returned 1 exit status
[3.269s] gmake[2]: *** [CMakeFiles/ros2_get_obj_distance.dir/build.make:189: ros2_get_obj_distance] Error 1
[3.270s] gmake[1]: *** [CMakeFiles/Makefile2:137: CMakeFiles/ros2_get_obj_distance.dir/all] Error 2
[3.271s] gmake: *** [Makefile:146: all] Error 2
[3.276s] Invoked command in '/home/nam017/ws_dist/build/ros2_get_obj_distance' returned '2': CMAKE_PREFIX_PATH=${CMAKE_PREFIX_PATH}:/opt/ros/humble /usr/bin/cmake --build /home/nam017/ws_dist/build/ros2_get_obj_distance -- -j16 -l16
