[0.097s] Invoking command in '/home/nam017/ws_dist/build/ros2_get_obj_distance': CMAKE_PREFIX_PATH=${CMAKE_PREFIX_PATH}:/opt/ros/humble /usr/bin/cmake --build /home/nam017/ws_dist/build/ros2_get_obj_distance -- -j16 -l16
[0.224s] [35m[1mConsolidate compiler generated dependencies of target ros2_get_obj_distance[0m
[0.281s] [ 50%] [32mBuilding CXX object CMakeFiles/ros2_get_obj_distance.dir/src/ros2_get_obj_distance.cpp.o[0m
[2.447s] [01m[K/home/nam017/ws_dist/src/ros2_get_obj_distance/src/ros2_get_obj_distance.cpp:65:54:[m[K [01;31m[Kerror: [m[Kâ€˜[01m[Krclcpp::Node::make_shared[m[Kâ€™ is not a type
[2.447s]    65 |     image_transport::ImageTransport image_transport_([01;31m[Krclcpp[m[K::Node::make_shared(this));
[2.447s]       |                                                      [01;31m[K^~~~~~[m[K
[2.448s] [01m[K/home/nam017/ws_dist/src/ros2_get_obj_distance/src/ros2_get_obj_distance.cpp:65:80:[m[K [01;31m[Kerror: [m[Kexpected â€˜[01m[K)[m[Kâ€™ before â€˜[01m[Kthis[m[Kâ€™
[2.448s]    65 | port::ImageTransport image_transport_(rclcpp::Node::make_shared[34m[K([m[K[01;31m[Kt[m[K[32m[Khis[m[K));
[2.448s]       |                                                                [34m[K~[m[K[01;31m[K^[m[K[32m[K~~~[m[K
[2.448s]       |                                                                 [32m[K)[m[K
[2.448s] [01m[K/home/nam017/ws_dist/src/ros2_get_obj_distance/src/ros2_get_obj_distance.cpp:65:80:[m[K [01;31m[Kerror: [m[Kexpected â€˜[01m[K)[m[Kâ€™ before â€˜[01m[Kthis[m[Kâ€™
[2.448s]    65 | port::ImageTransport image_transport_[34m[K([m[Krclcpp::Node::make_shared([01;31m[Kt[m[K[32m[Khis[m[K));
[2.449s]       |                                      [34m[K~[m[K                          [01;31m[K^[m[K[32m[K~~~[m[K
[2.449s]       |                                                                 [32m[K)[m[K
[2.449s] [01m[K/home/nam017/ws_dist/src/ros2_get_obj_distance/src/ros2_get_obj_distance.cpp:65:79:[m[K [01;31m[Kerror: [m[Kexpected â€˜[01m[K;[m[Kâ€™ at end of member declaration
[2.449s]    65 | port::ImageTransport image_transport_(rclcpp::Node::make_shared[01;31m[K([m[Kthis));
[2.449s]       |                                                                [01;31m[K^[m[K
[2.449s]       |                                                                 [32m[K;[m[K
[2.450s] [01m[K/home/nam017/ws_dist/src/ros2_get_obj_distance/src/ros2_get_obj_distance.cpp:65:80:[m[K [01;31m[Kerror: [m[Kexpected unqualified-id before â€˜[01m[Kthis[m[Kâ€™
[2.450s]    65 | port::ImageTransport image_transport_(rclcpp::Node::make_shared([01;31m[Kthis[m[K));
[2.450s]       |                                                                 [01;31m[K^~~~[m[K
[2.450s] 
[2.450s] [01m[K/home/nam017/ws_dist/src/ros2_get_obj_distance/src/ros2_get_obj_distance.cpp:[m[K In constructor â€˜[01m[KDepthPublisherNode::DepthPublisherNode()[m[Kâ€™:
[2.450s] [01m[K/home/nam017/ws_dist/src/ros2_get_obj_distance/src/ros2_get_obj_distance.cpp:60:22:[m[K [01;31m[Kerror: [m[Kinvalid use of member function â€˜[01m[Kimage_transport::ImageTransport DepthPublisherNode::image_transport_(...)[m[Kâ€™ (did you forget the â€˜[01m[K()[m[Kâ€™ ?)
[2.451s]    60 |         image_sub_ = [01;31m[Kimage_transport_[m[K.subscribe("/depth_to_rgb/image_raw", 10, std::bind(&DepthPublisherNode::imageCallback, this, std::placeholders::_1));
[2.451s]       |                      [01;31m[K^~~~~~~~~~~~~~~~[m[K
[2.451s]       |                                      [32m[K()[m[K
[2.855s] gmake[2]: *** [CMakeFiles/ros2_get_obj_distance.dir/build.make:76: CMakeFiles/ros2_get_obj_distance.dir/src/ros2_get_obj_distance.cpp.o] Error 1
[2.855s] gmake[1]: *** [CMakeFiles/Makefile2:137: CMakeFiles/ros2_get_obj_distance.dir/all] Error 2
[2.856s] gmake: *** [Makefile:146: all] Error 2
[2.862s] Invoked command in '/home/nam017/ws_dist/build/ros2_get_obj_distance' returned '2': CMAKE_PREFIX_PATH=${CMAKE_PREFIX_PATH}:/opt/ros/humble /usr/bin/cmake --build /home/nam017/ws_dist/build/ros2_get_obj_distance -- -j16 -l16
