[0.102s] Invoking command in '/home/nam017/ws_dist/src/build/ros2_get_obj_distance': CMAKE_PREFIX_PATH=${CMAKE_PREFIX_PATH}:/opt/ros/humble /usr/bin/cmake --build /home/nam017/ws_dist/src/build/ros2_get_obj_distance -- -j16 -l16
[0.197s] [35m[1mConsolidate compiler generated dependencies of target ros2_get_obj_distance[0m
[0.228s] [ 50%] [32mBuilding CXX object CMakeFiles/ros2_get_obj_distance.dir/src/ros2_get_obj_distance.cpp.o[0m
[2.857s] [01m[K/home/nam017/ws_dist/src/ros2_get_obj_distance/src/ros2_get_obj_distance.cpp:[m[K In constructor â€˜[01m[KDepthPublisherNode::DepthPublisherNode()[m[Kâ€™:
[2.857s] [01m[K/home/nam017/ws_dist/src/ros2_get_obj_distance/src/ros2_get_obj_distance.cpp:15:55:[m[K [01;31m[Kerror: [m[Kno matching function for call to â€˜[01m[Kimage_transport::ImageTransport::ImageTransport()[m[Kâ€™
[2.857s]    15 |     DepthPublisherNode() : Node("depth_publisher_node"[01;31m[K)[m[K
[2.857s]       |                                                       [01;31m[K^[m[K
[2.857s] In file included from [01m[K/home/nam017/ws_dist/src/ros2_get_obj_distance/src/ros2_get_obj_distance.cpp:7[m[K:
[2.857s] [01m[K/opt/ros/humble/include/image_transport/image_transport/image_transport.hpp:111:12:[m[K [01;36m[Knote: [m[Kcandidate: â€˜[01m[Kimage_transport::ImageTransport::ImageTransport(rclcpp::Node::SharedPtr)[m[Kâ€™
[2.858s]   111 |   explicit [01;36m[KImageTransport[m[K(rclcpp::Node::SharedPtr node);
[2.858s]       |            [01;36m[K^~~~~~~~~~~~~~[m[K
[2.858s] [01m[K/opt/ros/humble/include/image_transport/image_transport/image_transport.hpp:111:12:[m[K [01;36m[Knote: [m[K  candidate expects 1 argument, 0 provided
[2.865s] [01m[K/home/nam017/ws_dist/src/ros2_get_obj_distance/src/ros2_get_obj_distance.cpp:[m[K In member function â€˜[01m[Kvoid DepthPublisherNode::imageCallback(const ConstSharedPtr&)[m[Kâ€™:
[2.865s] [01m[K/home/nam017/ws_dist/src/ros2_get_obj_distance/src/ros2_get_obj_distance.cpp:26:71:[m[K [01;35m[Kwarning: [m[Kunused parameter â€˜[01m[Kmsg[m[Kâ€™ [[01;35m[K]8;;https://gcc.gnu.org/onlinedocs/gcc/Warning-Options.html#index-Wunused-parameter-Wunused-parameter]8;;[m[K]
[2.865s]    26 |     void imageCallback([01;35m[Kconst sensor_msgs::msg::Image::ConstSharedPtr& msg[m[K)
[2.865s]       |                        [01;35m[K~~~~~~~~~~~~~~~~~~~~~~~~~~~~~~~~~~~~~~~~~~~~~~~^~~[m[K
[3.392s] gmake[2]: *** [CMakeFiles/ros2_get_obj_distance.dir/build.make:76: CMakeFiles/ros2_get_obj_distance.dir/src/ros2_get_obj_distance.cpp.o] Error 1
[3.392s] gmake[1]: *** [CMakeFiles/Makefile2:137: CMakeFiles/ros2_get_obj_distance.dir/all] Error 2
[3.393s] gmake: *** [Makefile:146: all] Error 2
[3.395s] Invoked command in '/home/nam017/ws_dist/src/build/ros2_get_obj_distance' returned '2': CMAKE_PREFIX_PATH=${CMAKE_PREFIX_PATH}:/opt/ros/humble /usr/bin/cmake --build /home/nam017/ws_dist/src/build/ros2_get_obj_distance -- -j16 -l16
